<?xml version="1.0" encoding="UTF-8"?>
<coverage generated="1679833578290" clover="3.2.0">
  <project timestamp="1679833578290" name="All files">
    <metrics statements="104" coveredstatements="104" conditionals="55" coveredconditionals="55" methods="17" coveredmethods="17" elements="176" coveredelements="176" complexity="0" loc="104" ncloc="104" packages="1" files="2" classes="2"/>
    <file name="arrays.js" path="C:\Users\lys\Desktop\RS\Tasks\custom-lodash\src\arrays.js">
      <metrics statements="77" coveredstatements="77" conditionals="47" coveredconditionals="47" methods="12" coveredmethods="12"/>
      <line num="4" count="30" type="stmt"/>
      <line num="5" count="30" type="cond" truecount="4" falsecount="0"/>
      <line num="6" count="12" type="stmt"/>
      <line num="7" count="30" type="stmt"/>
      <line num="8" count="53" type="stmt"/>
      <line num="10" count="30" type="stmt"/>
      <line num="14" count="18" type="stmt"/>
      <line num="15" count="18" type="stmt"/>
      <line num="16" count="61" type="stmt"/>
      <line num="18" count="18" type="stmt"/>
      <line num="28" count="8" type="stmt"/>
      <line num="29" count="8" type="cond" truecount="4" falsecount="0"/>
      <line num="30" count="2" type="stmt"/>
      <line num="32" count="6" type="stmt"/>
      <line num="33" count="15" type="stmt"/>
      <line num="34" count="15" type="stmt"/>
      <line num="36" count="6" type="stmt"/>
      <line num="44" count="3" type="stmt"/>
      <line num="45" count="3" type="stmt"/>
      <line num="46" count="13" type="cond" truecount="2" falsecount="0"/>
      <line num="47" count="8" type="stmt"/>
      <line num="50" count="3" type="stmt"/>
      <line num="58" count="5" type="stmt"/>
      <line num="66" count="5" type="stmt"/>
      <line num="76" count="5" type="stmt"/>
      <line num="77" count="14" type="cond" truecount="2" falsecount="0"/>
      <line num="78" count="4" type="stmt"/>
      <line num="79" count="4" type="stmt"/>
      <line num="82" count="5" type="stmt"/>
      <line num="92" count="5" type="stmt"/>
      <line num="93" count="5" type="cond" truecount="2" falsecount="0"/>
      <line num="94" count="4" type="stmt"/>
      <line num="95" count="4" type="stmt"/>
      <line num="96" count="15" type="cond" truecount="2" falsecount="0"/>
      <line num="97" count="8" type="stmt"/>
      <line num="101" count="5" type="cond" truecount="2" falsecount="0"/>
      <line num="102" count="1" type="stmt"/>
      <line num="103" count="5" type="cond" truecount="2" falsecount="0"/>
      <line num="104" count="2" type="stmt"/>
      <line num="108" count="5" type="stmt"/>
      <line num="117" count="7" type="cond" truecount="2" falsecount="0"/>
      <line num="118" count="5" type="stmt"/>
      <line num="119" count="5" type="stmt"/>
      <line num="120" count="11" type="cond" truecount="2" falsecount="0"/>
      <line num="121" count="5" type="stmt"/>
      <line num="122" count="5" type="stmt"/>
      <line num="126" count="7" type="cond" truecount="2" falsecount="0"/>
      <line num="127" count="2" type="stmt"/>
      <line num="128" count="8" type="cond" truecount="2" falsecount="0"/>
      <line num="129" count="2" type="stmt"/>
      <line num="133" count="7" type="stmt"/>
      <line num="142" count="7" type="cond" truecount="2" falsecount="0"/>
      <line num="143" count="2" type="stmt"/>
      <line num="145" count="7" type="cond" truecount="2" falsecount="0"/>
      <line num="146" count="5" type="stmt"/>
      <line num="147" count="5" type="stmt"/>
      <line num="148" count="8" type="cond" truecount="2" falsecount="0"/>
      <line num="149" count="3" type="stmt"/>
      <line num="153" count="4" type="cond" truecount="2" falsecount="0"/>
      <line num="154" count="2" type="cond" truecount="2" falsecount="0"/>
      <line num="155" count="1" type="stmt"/>
      <line num="157" count="3" type="stmt"/>
      <line num="165" count="5" type="stmt"/>
      <line num="166" count="5" type="cond" truecount="2" falsecount="0"/>
      <line num="167" count="4" type="stmt"/>
      <line num="168" count="4" type="stmt"/>
      <line num="169" count="11" type="stmt"/>
      <line num="172" count="5" type="cond" truecount="2" falsecount="0"/>
      <line num="173" count="1" type="stmt"/>
      <line num="174" count="4" type="stmt"/>
      <line num="177" count="5" type="stmt"/>
      <line num="186" count="3" type="stmt"/>
      <line num="187" count="3" type="stmt"/>
      <line num="188" count="5" type="stmt"/>
      <line num="189" count="12" type="stmt"/>
      <line num="192" count="3" type="stmt"/>
      <line num="198" count="1" type="stmt"/>
    </file>
    <file name="objects.js" path="C:\Users\lys\Desktop\RS\Tasks\custom-lodash\src\objects.js">
      <metrics statements="27" coveredstatements="27" conditionals="8" coveredconditionals="8" methods="5" coveredmethods="5"/>
      <line num="7" count="4" type="stmt"/>
      <line num="8" count="7" type="stmt"/>
      <line num="9" count="10" type="cond" truecount="2" falsecount="0"/>
      <line num="10" count="9" type="stmt"/>
      <line num="14" count="4" type="stmt"/>
      <line num="23" count="4" type="stmt"/>
      <line num="24" count="4" type="stmt"/>
      <line num="25" count="5" type="stmt"/>
      <line num="26" count="5" type="cond" truecount="2" falsecount="0"/>
      <line num="27" count="4" type="stmt"/>
      <line num="30" count="4" type="stmt"/>
      <line num="40" count="4" type="stmt"/>
      <line num="41" count="4" type="stmt"/>
      <line num="42" count="14" type="cond" truecount="2" falsecount="0"/>
      <line num="43" count="5" type="stmt"/>
      <line num="46" count="4" type="stmt"/>
      <line num="56" count="4" type="stmt"/>
      <line num="57" count="4" type="stmt"/>
      <line num="58" count="14" type="cond" truecount="2" falsecount="0"/>
      <line num="59" count="5" type="stmt"/>
      <line num="62" count="4" type="stmt"/>
      <line num="71" count="4" type="stmt"/>
      <line num="72" count="4" type="stmt"/>
      <line num="73" count="6" type="stmt"/>
      <line num="74" count="6" type="stmt"/>
      <line num="76" count="4" type="stmt"/>
      <line num="80" count="1" type="stmt"/>
    </file>
  </project>
</coverage>
