{"C:\\Users\\lys\\Desktop\\RS\\Tasks\\custom-lodash\\src\\arrays.js": {"path":"C:\\Users\\lys\\Desktop\\RS\\Tasks\\custom-lodash\\src\\arrays.js","statementMap":{"0":{"start":{"line":4,"column":20},"end":{"line":4,"column":22}},"1":{"start":{"line":5,"column":4},"end":{"line":6,"column":23}},"2":{"start":{"line":6,"column":4},"end":{"line":6,"column":23}},"3":{"start":{"line":7,"column":4},"end":{"line":9,"column":5}},"4":{"start":{"line":7,"column":17},"end":{"line":7,"column":22}},"5":{"start":{"line":8,"column":8},"end":{"line":8,"column":45}},"6":{"start":{"line":10,"column":4},"end":{"line":10,"column":21}},"7":{"start":{"line":14,"column":18},"end":{"line":14,"column":20}},"8":{"start":{"line":15,"column":4},"end":{"line":17,"column":5}},"9":{"start":{"line":16,"column":8},"end":{"line":16,"column":41}},"10":{"start":{"line":18,"column":4},"end":{"line":18,"column":19}},"11":{"start":{"line":28,"column":17},"end":{"line":28,"column":19}},"12":{"start":{"line":29,"column":4},"end":{"line":31,"column":5}},"13":{"start":{"line":30,"column":8},"end":{"line":30,"column":22}},"14":{"start":{"line":32,"column":4},"end":{"line":35,"column":5}},"15":{"start":{"line":32,"column":17},"end":{"line":32,"column":18}},"16":{"start":{"line":33,"column":22},"end":{"line":33,"column":47}},"17":{"start":{"line":34,"column":8},"end":{"line":34,"column":36}},"18":{"start":{"line":36,"column":4},"end":{"line":36,"column":18}},"19":{"start":{"line":44,"column":17},"end":{"line":44,"column":19}},"20":{"start":{"line":45,"column":4},"end":{"line":49,"column":5}},"21":{"start":{"line":45,"column":17},"end":{"line":45,"column":18}},"22":{"start":{"line":46,"column":8},"end":{"line":48,"column":9}},"23":{"start":{"line":47,"column":12},"end":{"line":47,"column":43}},"24":{"start":{"line":50,"column":4},"end":{"line":50,"column":18}},"25":{"start":{"line":58,"column":4},"end":{"line":58,"column":27}},"26":{"start":{"line":66,"column":4},"end":{"line":66,"column":30}},"27":{"start":{"line":76,"column":4},"end":{"line":81,"column":5}},"28":{"start":{"line":76,"column":17},"end":{"line":76,"column":18}},"29":{"start":{"line":77,"column":8},"end":{"line":80,"column":9}},"30":{"start":{"line":78,"column":12},"end":{"line":78,"column":32}},"31":{"start":{"line":79,"column":12},"end":{"line":79,"column":18}},"32":{"start":{"line":82,"column":4},"end":{"line":82,"column":41}},"33":{"start":{"line":92,"column":17},"end":{"line":92,"column":19}},"34":{"start":{"line":93,"column":4},"end":{"line":100,"column":5}},"35":{"start":{"line":94,"column":24},"end":{"line":94,"column":46}},"36":{"start":{"line":95,"column":8},"end":{"line":99,"column":9}},"37":{"start":{"line":95,"column":21},"end":{"line":95,"column":22}},"38":{"start":{"line":96,"column":12},"end":{"line":98,"column":13}},"39":{"start":{"line":97,"column":16},"end":{"line":97,"column":49}},"40":{"start":{"line":101,"column":4},"end":{"line":107,"column":5}},"41":{"start":{"line":102,"column":8},"end":{"line":106,"column":9}},"42":{"start":{"line":102,"column":21},"end":{"line":102,"column":22}},"43":{"start":{"line":103,"column":12},"end":{"line":105,"column":13}},"44":{"start":{"line":104,"column":16},"end":{"line":104,"column":52}},"45":{"start":{"line":108,"column":4},"end":{"line":108,"column":18}},"46":{"start":{"line":117,"column":4},"end":{"line":125,"column":5}},"47":{"start":{"line":118,"column":24},"end":{"line":118,"column":46}},"48":{"start":{"line":119,"column":8},"end":{"line":124,"column":9}},"49":{"start":{"line":119,"column":21},"end":{"line":119,"column":30}},"50":{"start":{"line":120,"column":12},"end":{"line":123,"column":13}},"51":{"start":{"line":121,"column":16},"end":{"line":121,"column":36}},"52":{"start":{"line":122,"column":16},"end":{"line":122,"column":22}},"53":{"start":{"line":126,"column":4},"end":{"line":132,"column":5}},"54":{"start":{"line":127,"column":8},"end":{"line":131,"column":9}},"55":{"start":{"line":127,"column":21},"end":{"line":127,"column":30}},"56":{"start":{"line":128,"column":12},"end":{"line":130,"column":13}},"57":{"start":{"line":129,"column":16},"end":{"line":129,"column":39}},"58":{"start":{"line":133,"column":4},"end":{"line":133,"column":18}},"59":{"start":{"line":142,"column":4},"end":{"line":144,"column":5}},"60":{"start":{"line":143,"column":8},"end":{"line":143,"column":60}},"61":{"start":{"line":145,"column":4},"end":{"line":152,"column":5}},"62":{"start":{"line":146,"column":24},"end":{"line":146,"column":46}},"63":{"start":{"line":147,"column":8},"end":{"line":151,"column":9}},"64":{"start":{"line":147,"column":21},"end":{"line":147,"column":30}},"65":{"start":{"line":148,"column":12},"end":{"line":150,"column":13}},"66":{"start":{"line":149,"column":16},"end":{"line":149,"column":28}},"67":{"start":{"line":153,"column":4},"end":{"line":156,"column":5}},"68":{"start":{"line":154,"column":8},"end":{"line":155,"column":20}},"69":{"start":{"line":155,"column":8},"end":{"line":155,"column":20}},"70":{"start":{"line":157,"column":3},"end":{"line":157,"column":16}},"71":{"start":{"line":165,"column":17},"end":{"line":165,"column":19}},"72":{"start":{"line":166,"column":4},"end":{"line":171,"column":5}},"73":{"start":{"line":167,"column":24},"end":{"line":167,"column":46}},"74":{"start":{"line":168,"column":8},"end":{"line":170,"column":9}},"75":{"start":{"line":168,"column":21},"end":{"line":168,"column":22}},"76":{"start":{"line":169,"column":12},"end":{"line":169,"column":55}},"77":{"start":{"line":172,"column":4},"end":{"line":176,"column":5}},"78":{"start":{"line":173,"column":8},"end":{"line":175,"column":9}},"79":{"start":{"line":173,"column":21},"end":{"line":173,"column":22}},"80":{"start":{"line":174,"column":12},"end":{"line":174,"column":58}},"81":{"start":{"line":177,"column":4},"end":{"line":177,"column":18}},"82":{"start":{"line":186,"column":17},"end":{"line":186,"column":33}},"83":{"start":{"line":187,"column":4},"end":{"line":191,"column":5}},"84":{"start":{"line":187,"column":17},"end":{"line":187,"column":18}},"85":{"start":{"line":188,"column":8},"end":{"line":190,"column":9}},"86":{"start":{"line":188,"column":21},"end":{"line":188,"column":22}},"87":{"start":{"line":189,"column":12},"end":{"line":189,"column":53}},"88":{"start":{"line":192,"column":4},"end":{"line":192,"column":18}},"89":{"start":{"line":198,"column":0},"end":{"line":209,"column":2}}},"fnMap":{"0":{"name":"slice","decl":{"start":{"line":3,"column":9},"end":{"line":3,"column":14}},"loc":{"start":{"line":3,"column":34},"end":{"line":11,"column":1}},"line":3},"1":{"name":"arrFromObj","decl":{"start":{"line":13,"column":9},"end":{"line":13,"column":19}},"loc":{"start":{"line":13,"column":25},"end":{"line":19,"column":1}},"line":13},"2":{"name":"chunk","decl":{"start":{"line":27,"column":9},"end":{"line":27,"column":14}},"loc":{"start":{"line":27,"column":32},"end":{"line":37,"column":1}},"line":27},"3":{"name":"compact","decl":{"start":{"line":43,"column":9},"end":{"line":43,"column":16}},"loc":{"start":{"line":43,"column":24},"end":{"line":51,"column":3}},"line":43},"4":{"name":"drop","decl":{"start":{"line":57,"column":9},"end":{"line":57,"column":13}},"loc":{"start":{"line":57,"column":28},"end":{"line":59,"column":1}},"line":57},"5":{"name":"take","decl":{"start":{"line":65,"column":9},"end":{"line":65,"column":13}},"loc":{"start":{"line":65,"column":28},"end":{"line":67,"column":1}},"line":65},"6":{"name":"dropWhile","decl":{"start":{"line":74,"column":9},"end":{"line":74,"column":18}},"loc":{"start":{"line":74,"column":37},"end":{"line":83,"column":1}},"line":74},"7":{"name":"filter","decl":{"start":{"line":91,"column":9},"end":{"line":91,"column":15}},"loc":{"start":{"line":91,"column":39},"end":{"line":109,"column":1}},"line":91},"8":{"name":"find","decl":{"start":{"line":115,"column":9},"end":{"line":115,"column":13}},"loc":{"start":{"line":115,"column":52},"end":{"line":134,"column":1}},"line":115},"9":{"name":"includes","decl":{"start":{"line":141,"column":9},"end":{"line":141,"column":17}},"loc":{"start":{"line":141,"column":52},"end":{"line":158,"column":1}},"line":141},"10":{"name":"map","decl":{"start":{"line":164,"column":9},"end":{"line":164,"column":12}},"loc":{"start":{"line":164,"column":35},"end":{"line":178,"column":1}},"line":164},"11":{"name":"zip","decl":{"start":{"line":185,"column":9},"end":{"line":185,"column":12}},"loc":{"start":{"line":185,"column":24},"end":{"line":193,"column":1}},"line":185}},"branchMap":{"0":{"loc":{"start":{"line":5,"column":4},"end":{"line":6,"column":23}},"type":"if","locations":[{"start":{"line":5,"column":4},"end":{"line":6,"column":23}},{"start":{},"end":{}}],"line":5},"1":{"loc":{"start":{"line":5,"column":8},"end":{"line":5,"column":47}},"type":"binary-expr","locations":[{"start":{"line":5,"column":8},"end":{"line":5,"column":26}},{"start":{"line":5,"column":30},"end":{"line":5,"column":47}}],"line":5},"2":{"loc":{"start":{"line":27,"column":22},"end":{"line":27,"column":30}},"type":"default-arg","locations":[{"start":{"line":27,"column":29},"end":{"line":27,"column":30}}],"line":27},"3":{"loc":{"start":{"line":29,"column":4},"end":{"line":31,"column":5}},"type":"if","locations":[{"start":{"line":29,"column":4},"end":{"line":31,"column":5}},{"start":{},"end":{}}],"line":29},"4":{"loc":{"start":{"line":29,"column":8},"end":{"line":29,"column":40}},"type":"binary-expr","locations":[{"start":{"line":29,"column":8},"end":{"line":29,"column":26}},{"start":{"line":29,"column":30},"end":{"line":29,"column":40}}],"line":29},"5":{"loc":{"start":{"line":46,"column":8},"end":{"line":48,"column":9}},"type":"if","locations":[{"start":{"line":46,"column":8},"end":{"line":48,"column":9}},{"start":{},"end":{}}],"line":46},"6":{"loc":{"start":{"line":57,"column":21},"end":{"line":57,"column":26}},"type":"default-arg","locations":[{"start":{"line":57,"column":25},"end":{"line":57,"column":26}}],"line":57},"7":{"loc":{"start":{"line":65,"column":21},"end":{"line":65,"column":26}},"type":"default-arg","locations":[{"start":{"line":65,"column":25},"end":{"line":65,"column":26}}],"line":65},"8":{"loc":{"start":{"line":77,"column":8},"end":{"line":80,"column":9}},"type":"if","locations":[{"start":{"line":77,"column":8},"end":{"line":80,"column":9}},{"start":{},"end":{}}],"line":77},"9":{"loc":{"start":{"line":93,"column":4},"end":{"line":100,"column":5}},"type":"if","locations":[{"start":{"line":93,"column":4},"end":{"line":100,"column":5}},{"start":{},"end":{}}],"line":93},"10":{"loc":{"start":{"line":96,"column":12},"end":{"line":98,"column":13}},"type":"if","locations":[{"start":{"line":96,"column":12},"end":{"line":98,"column":13}},{"start":{},"end":{}}],"line":96},"11":{"loc":{"start":{"line":101,"column":4},"end":{"line":107,"column":5}},"type":"if","locations":[{"start":{"line":101,"column":4},"end":{"line":107,"column":5}},{"start":{},"end":{}}],"line":101},"12":{"loc":{"start":{"line":103,"column":12},"end":{"line":105,"column":13}},"type":"if","locations":[{"start":{"line":103,"column":12},"end":{"line":105,"column":13}},{"start":{},"end":{}}],"line":103},"13":{"loc":{"start":{"line":115,"column":37},"end":{"line":115,"column":50}},"type":"default-arg","locations":[{"start":{"line":115,"column":49},"end":{"line":115,"column":50}}],"line":115},"14":{"loc":{"start":{"line":117,"column":4},"end":{"line":125,"column":5}},"type":"if","locations":[{"start":{"line":117,"column":4},"end":{"line":125,"column":5}},{"start":{},"end":{}}],"line":117},"15":{"loc":{"start":{"line":120,"column":12},"end":{"line":123,"column":13}},"type":"if","locations":[{"start":{"line":120,"column":12},"end":{"line":123,"column":13}},{"start":{},"end":{}}],"line":120},"16":{"loc":{"start":{"line":126,"column":4},"end":{"line":132,"column":5}},"type":"if","locations":[{"start":{"line":126,"column":4},"end":{"line":132,"column":5}},{"start":{},"end":{}}],"line":126},"17":{"loc":{"start":{"line":128,"column":12},"end":{"line":130,"column":13}},"type":"if","locations":[{"start":{"line":128,"column":12},"end":{"line":130,"column":13}},{"start":{},"end":{}}],"line":128},"18":{"loc":{"start":{"line":141,"column":37},"end":{"line":141,"column":50}},"type":"default-arg","locations":[{"start":{"line":141,"column":49},"end":{"line":141,"column":50}}],"line":141},"19":{"loc":{"start":{"line":142,"column":4},"end":{"line":144,"column":5}},"type":"if","locations":[{"start":{"line":142,"column":4},"end":{"line":144,"column":5}},{"start":{},"end":{}}],"line":142},"20":{"loc":{"start":{"line":145,"column":4},"end":{"line":152,"column":5}},"type":"if","locations":[{"start":{"line":145,"column":4},"end":{"line":152,"column":5}},{"start":{},"end":{}}],"line":145},"21":{"loc":{"start":{"line":148,"column":12},"end":{"line":150,"column":13}},"type":"if","locations":[{"start":{"line":148,"column":12},"end":{"line":150,"column":13}},{"start":{},"end":{}}],"line":148},"22":{"loc":{"start":{"line":153,"column":4},"end":{"line":156,"column":5}},"type":"if","locations":[{"start":{"line":153,"column":4},"end":{"line":156,"column":5}},{"start":{},"end":{}}],"line":153},"23":{"loc":{"start":{"line":154,"column":8},"end":{"line":155,"column":20}},"type":"if","locations":[{"start":{"line":154,"column":8},"end":{"line":155,"column":20}},{"start":{},"end":{}}],"line":154},"24":{"loc":{"start":{"line":166,"column":4},"end":{"line":171,"column":5}},"type":"if","locations":[{"start":{"line":166,"column":4},"end":{"line":171,"column":5}},{"start":{},"end":{}}],"line":166},"25":{"loc":{"start":{"line":172,"column":4},"end":{"line":176,"column":5}},"type":"if","locations":[{"start":{"line":172,"column":4},"end":{"line":176,"column":5}},{"start":{},"end":{}}],"line":172}},"s":{"0":30,"1":30,"2":12,"3":30,"4":30,"5":53,"6":30,"7":18,"8":18,"9":61,"10":18,"11":8,"12":8,"13":2,"14":6,"15":6,"16":15,"17":15,"18":6,"19":3,"20":3,"21":3,"22":13,"23":8,"24":3,"25":5,"26":5,"27":5,"28":5,"29":14,"30":4,"31":4,"32":5,"33":5,"34":5,"35":4,"36":4,"37":4,"38":15,"39":8,"40":5,"41":1,"42":1,"43":5,"44":2,"45":5,"46":7,"47":5,"48":5,"49":5,"50":11,"51":5,"52":5,"53":7,"54":2,"55":2,"56":8,"57":2,"58":7,"59":7,"60":2,"61":7,"62":5,"63":5,"64":5,"65":8,"66":3,"67":4,"68":2,"69":1,"70":3,"71":5,"72":5,"73":4,"74":4,"75":4,"76":11,"77":5,"78":1,"79":1,"80":4,"81":5,"82":3,"83":3,"84":3,"85":5,"86":5,"87":12,"88":3,"89":1},"f":{"0":30,"1":18,"2":8,"3":3,"4":5,"5":5,"6":5,"7":5,"8":7,"9":7,"10":5,"11":3},"b":{"0":[12,18],"1":[30,28],"2":[4],"3":[2,6],"4":[8,7],"5":[8,5],"6":[1],"7":[1],"8":[4,10],"9":[4,1],"10":[8,7],"11":[1,4],"12":[2,3],"13":[5],"14":[5,2],"15":[5,6],"16":[2,5],"17":[2,6],"18":[4],"19":[2,5],"20":[5,2],"21":[3,5],"22":[2,2],"23":[1,1],"24":[4,1],"25":[1,4]},"_coverageSchema":"1a1c01bbd47fc00a2c39e90264f33305004495a9","hash":"7ce355d13d2f574889c57ee06ac881e8eb5b7c2d"}
,"C:\\Users\\lys\\Desktop\\RS\\Tasks\\custom-lodash\\src\\objects.js": {"path":"C:\\Users\\lys\\Desktop\\RS\\Tasks\\custom-lodash\\src\\objects.js","statementMap":{"0":{"start":{"line":7,"column":4},"end":{"line":13,"column":5}},"1":{"start":{"line":8,"column":6},"end":{"line":12,"column":7}},"2":{"start":{"line":9,"column":8},"end":{"line":11,"column":9}},"3":{"start":{"line":10,"column":12},"end":{"line":10,"column":39}},"4":{"start":{"line":14,"column":4},"end":{"line":14,"column":19}},"5":{"start":{"line":23,"column":17},"end":{"line":23,"column":19}},"6":{"start":{"line":24,"column":4},"end":{"line":29,"column":5}},"7":{"start":{"line":24,"column":17},"end":{"line":24,"column":18}},"8":{"start":{"line":25,"column":18},"end":{"line":25,"column":26}},"9":{"start":{"line":26,"column":8},"end":{"line":28,"column":9}},"10":{"start":{"line":27,"column":12},"end":{"line":27,"column":50}},"11":{"start":{"line":30,"column":4},"end":{"line":30,"column":18}},"12":{"start":{"line":40,"column":17},"end":{"line":40,"column":19}},"13":{"start":{"line":41,"column":4},"end":{"line":45,"column":5}},"14":{"start":{"line":42,"column":8},"end":{"line":44,"column":9}},"15":{"start":{"line":43,"column":12},"end":{"line":43,"column":50}},"16":{"start":{"line":46,"column":4},"end":{"line":46,"column":18}},"17":{"start":{"line":56,"column":17},"end":{"line":56,"column":19}},"18":{"start":{"line":57,"column":4},"end":{"line":61,"column":5}},"19":{"start":{"line":58,"column":8},"end":{"line":60,"column":9}},"20":{"start":{"line":59,"column":12},"end":{"line":59,"column":49}},"21":{"start":{"line":62,"column":4},"end":{"line":62,"column":18}},"22":{"start":{"line":71,"column":17},"end":{"line":71,"column":25}},"23":{"start":{"line":72,"column":4},"end":{"line":75,"column":5}},"24":{"start":{"line":72,"column":17},"end":{"line":72,"column":18}},"25":{"start":{"line":73,"column":18},"end":{"line":73,"column":26}},"26":{"start":{"line":74,"column":8},"end":{"line":74,"column":27}},"27":{"start":{"line":76,"column":4},"end":{"line":76,"column":18}},"28":{"start":{"line":80,"column":0},"end":{"line":86,"column":2}}},"fnMap":{"0":{"name":"merge","decl":{"start":{"line":6,"column":9},"end":{"line":6,"column":14}},"loc":{"start":{"line":6,"column":36},"end":{"line":15,"column":1}},"line":6},"1":{"name":"pick","decl":{"start":{"line":22,"column":9},"end":{"line":22,"column":13}},"loc":{"start":{"line":22,"column":26},"end":{"line":31,"column":1}},"line":22},"2":{"name":"pickBy","decl":{"start":{"line":39,"column":9},"end":{"line":39,"column":15}},"loc":{"start":{"line":39,"column":32},"end":{"line":47,"column":1}},"line":39},"3":{"name":"omitBy","decl":{"start":{"line":55,"column":9},"end":{"line":55,"column":15}},"loc":{"start":{"line":55,"column":32},"end":{"line":63,"column":1}},"line":55},"4":{"name":"omit","decl":{"start":{"line":70,"column":9},"end":{"line":70,"column":13}},"loc":{"start":{"line":70,"column":26},"end":{"line":77,"column":1}},"line":70}},"branchMap":{"0":{"loc":{"start":{"line":9,"column":8},"end":{"line":11,"column":9}},"type":"if","locations":[{"start":{"line":9,"column":8},"end":{"line":11,"column":9}},{"start":{},"end":{}}],"line":9},"1":{"loc":{"start":{"line":26,"column":8},"end":{"line":28,"column":9}},"type":"if","locations":[{"start":{"line":26,"column":8},"end":{"line":28,"column":9}},{"start":{},"end":{}}],"line":26},"2":{"loc":{"start":{"line":42,"column":8},"end":{"line":44,"column":9}},"type":"if","locations":[{"start":{"line":42,"column":8},"end":{"line":44,"column":9}},{"start":{},"end":{}}],"line":42},"3":{"loc":{"start":{"line":58,"column":8},"end":{"line":60,"column":9}},"type":"if","locations":[{"start":{"line":58,"column":8},"end":{"line":60,"column":9}},{"start":{},"end":{}}],"line":58}},"s":{"0":4,"1":7,"2":10,"3":9,"4":4,"5":4,"6":4,"7":4,"8":5,"9":5,"10":4,"11":4,"12":4,"13":4,"14":14,"15":5,"16":4,"17":4,"18":4,"19":14,"20":5,"21":4,"22":4,"23":4,"24":4,"25":6,"26":6,"27":4,"28":1},"f":{"0":4,"1":4,"2":4,"3":4,"4":4},"b":{"0":[9,1],"1":[4,1],"2":[5,9],"3":[5,9]},"_coverageSchema":"1a1c01bbd47fc00a2c39e90264f33305004495a9","hash":"fd8b1b5d9d956431472983793f867d2e5bb2ddc7"}
}
