TN:
SF:src\arrays.js
FN:3,slice
FN:13,arrFromObj
FN:27,chunk
FN:43,compact
FN:57,drop
FN:65,take
FN:74,dropWhile
FN:91,filter
FN:115,find
FN:141,includes
FN:164,map
FN:185,zip
FNF:12
FNH:12
FNDA:30,slice
FNDA:18,arrFromObj
FNDA:8,chunk
FNDA:3,compact
FNDA:5,drop
FNDA:5,take
FNDA:5,dropWhile
FNDA:5,filter
FNDA:7,find
FNDA:7,includes
FNDA:5,map
FNDA:3,zip
DA:4,30
DA:5,30
DA:6,12
DA:7,30
DA:8,53
DA:10,30
DA:14,18
DA:15,18
DA:16,61
DA:18,18
DA:28,8
DA:29,8
DA:30,2
DA:32,6
DA:33,15
DA:34,15
DA:36,6
DA:44,3
DA:45,3
DA:46,13
DA:47,8
DA:50,3
DA:58,5
DA:66,5
DA:76,5
DA:77,14
DA:78,4
DA:79,4
DA:82,5
DA:92,5
DA:93,5
DA:94,4
DA:95,4
DA:96,15
DA:97,8
DA:101,5
DA:102,1
DA:103,5
DA:104,2
DA:108,5
DA:117,7
DA:118,5
DA:119,5
DA:120,11
DA:121,5
DA:122,5
DA:126,7
DA:127,2
DA:128,8
DA:129,2
DA:133,7
DA:142,7
DA:143,2
DA:145,7
DA:146,5
DA:147,5
DA:148,8
DA:149,3
DA:153,4
DA:154,2
DA:155,1
DA:157,3
DA:165,5
DA:166,5
DA:167,4
DA:168,4
DA:169,11
DA:172,5
DA:173,1
DA:174,4
DA:177,5
DA:186,3
DA:187,3
DA:188,5
DA:189,12
DA:192,3
DA:198,1
LF:77
LH:77
BRDA:5,0,0,12
BRDA:5,0,1,18
BRDA:5,1,0,30
BRDA:5,1,1,28
BRDA:27,2,0,4
BRDA:29,3,0,2
BRDA:29,3,1,6
BRDA:29,4,0,8
BRDA:29,4,1,7
BRDA:46,5,0,8
BRDA:46,5,1,5
BRDA:57,6,0,1
BRDA:65,7,0,1
BRDA:77,8,0,4
BRDA:77,8,1,10
BRDA:93,9,0,4
BRDA:93,9,1,1
BRDA:96,10,0,8
BRDA:96,10,1,7
BRDA:101,11,0,1
BRDA:101,11,1,4
BRDA:103,12,0,2
BRDA:103,12,1,3
BRDA:115,13,0,5
BRDA:117,14,0,5
BRDA:117,14,1,2
BRDA:120,15,0,5
BRDA:120,15,1,6
BRDA:126,16,0,2
BRDA:126,16,1,5
BRDA:128,17,0,2
BRDA:128,17,1,6
BRDA:141,18,0,4
BRDA:142,19,0,2
BRDA:142,19,1,5
BRDA:145,20,0,5
BRDA:145,20,1,2
BRDA:148,21,0,3
BRDA:148,21,1,5
BRDA:153,22,0,2
BRDA:153,22,1,2
BRDA:154,23,0,1
BRDA:154,23,1,1
BRDA:166,24,0,4
BRDA:166,24,1,1
BRDA:172,25,0,1
BRDA:172,25,1,4
BRF:47
BRH:47
end_of_record
TN:
SF:src\objects.js
FN:6,merge
FN:22,pick
FN:39,pickBy
FN:55,omitBy
FN:70,omit
FNF:5
FNH:5
FNDA:4,merge
FNDA:4,pick
FNDA:4,pickBy
FNDA:4,omitBy
FNDA:4,omit
DA:7,4
DA:8,7
DA:9,10
DA:10,9
DA:14,4
DA:23,4
DA:24,4
DA:25,5
DA:26,5
DA:27,4
DA:30,4
DA:40,4
DA:41,4
DA:42,14
DA:43,5
DA:46,4
DA:56,4
DA:57,4
DA:58,14
DA:59,5
DA:62,4
DA:71,4
DA:72,4
DA:73,6
DA:74,6
DA:76,4
DA:80,1
LF:27
LH:27
BRDA:9,0,0,9
BRDA:9,0,1,1
BRDA:26,1,0,4
BRDA:26,1,1,1
BRDA:42,2,0,5
BRDA:42,2,1,9
BRDA:58,3,0,5
BRDA:58,3,1,9
BRF:8
BRH:8
end_of_record
